Copyright 1986-2022 Xilinx, Inc. All Rights Reserved. Copyright 2022-2025 Advanced Micro Devices, Inc. All Rights Reserved.
----------------------------------------------------------------------------------------------------------------------------------------------------------------------
| Tool Version     : Vivado v.2025.1 (lin64) Build 6140274 Wed May 21 22:58:25 MDT 2025
| Date             : Mon Apr  6 15:26:00 2026
| Host             : aryabhatta.mumbaisemi running 64-bit Red Hat Enterprise Linux release 8.10 (Ootpa)
| Command          : report_power -file design_1_wrapper_power_routed.rpt -pb design_1_wrapper_power_summary_routed.pb -rpx design_1_wrapper_power_routed.rpx
| Design           : design_1_wrapper
| Device           : xc7a100tcsg324-1
| Design State     : routed
| Grade            : commercial
| Process          : typical
| Characterization : Production
----------------------------------------------------------------------------------------------------------------------------------------------------------------------

Power Report

Table of Contents
-----------------
1. Summary
1.1 On-Chip Components
1.2 Power Supply Summary
1.3 Confidence Level
2. Settings
2.1 Environment
2.2 Clock Constraints
3. Detailed Reports
3.1 By Hierarchy

1. Summary
----------

+--------------------------+--------------+
| Total On-Chip Power (W)  | 0.215        |
| Design Power Budget (W)  | Unspecified* |
| Power Budget Margin (W)  | NA           |
| Dynamic (W)              | 0.117        |
| Device Static (W)        | 0.098        |
| Effective TJA (C/W)      | 4.6          |
| Max Ambient (C)          | 84.0         |
| Junction Temperature (C) | 26.0         |
| Confidence Level         | Medium       |
| Setting File             | ---          |
| Simulation Activity File | ---          |
| Design Nets Matched      | NA           |
+--------------------------+--------------+
* Specify Design Power Budget using, set_operating_conditions -design_power_budget <value in Watts>


1.1 On-Chip Components
----------------------

+--------------------------+-----------+----------+-----------+-----------------+
| On-Chip                  | Power (W) | Used     | Available | Utilization (%) |
+--------------------------+-----------+----------+-----------+-----------------+
| Clocks                   |     0.005 |       12 |       --- |             --- |
| Slice Logic              |     0.003 |     1998 |       --- |             --- |
|   LUT as Logic           |     0.002 |      714 |     63400 |            1.13 |
|   Register               |    <0.001 |      930 |    126800 |            0.73 |
|   CARRY4                 |    <0.001 |       29 |     15850 |            0.18 |
|   LUT as Distributed RAM |    <0.001 |       12 |     19000 |            0.06 |
|   F7/F8 Muxes            |    <0.001 |        3 |     63400 |           <0.01 |
|   Others                 |     0.000 |      129 |       --- |             --- |
|   LUT as Shift Register  |     0.000 |        1 |     19000 |           <0.01 |
| Signals                  |     0.002 |     1312 |       --- |             --- |
| Block RAM                |     0.002 |        2 |       135 |            1.48 |
| MMCM                     |     0.106 |        1 |         6 |           16.67 |
| I/O                      |    <0.001 |       19 |       210 |            9.05 |
| Static Power             |     0.098 |          |           |                 |
| Total                    |     0.215 |          |           |                 |
+--------------------------+-----------+----------+-----------+-----------------+


1.2 Power Supply Summary
------------------------

+-----------+-------------+-----------+-------------+------------+-------------+-------------+------------+
| Source    | Voltage (V) | Total (A) | Dynamic (A) | Static (A) | Powerup (A) | Budget (A)  | Margin (A) |
+-----------+-------------+-----------+-------------+------------+-------------+-------------+------------+
| Vccint    |       1.000 |     0.027 |       0.012 |      0.015 |       NA    | Unspecified | NA         |
| Vccaux    |       1.800 |     0.077 |       0.059 |      0.018 |       NA    | Unspecified | NA         |
| Vcco33    |       3.300 |     0.004 |       0.000 |      0.004 |       NA    | Unspecified | NA         |
| Vcco25    |       2.500 |     0.000 |       0.000 |      0.000 |       NA    | Unspecified | NA         |
| Vcco18    |       1.800 |     0.000 |       0.000 |      0.000 |       NA    | Unspecified | NA         |
| Vcco15    |       1.500 |     0.000 |       0.000 |      0.000 |       NA    | Unspecified | NA         |
| Vcco135   |       1.350 |     0.000 |       0.000 |      0.000 |       NA    | Unspecified | NA         |
| Vcco12    |       1.200 |     0.000 |       0.000 |      0.000 |       NA    | Unspecified | NA         |
| Vccaux_io |       1.800 |     0.000 |       0.000 |      0.000 |       NA    | Unspecified | NA         |
| Vccbram   |       1.000 |     0.000 |       0.000 |      0.000 |       NA    | Unspecified | NA         |
| MGTAVcc   |       1.000 |     0.000 |       0.000 |      0.000 |       NA    | Unspecified | NA         |
| MGTAVtt   |       1.200 |     0.000 |       0.000 |      0.000 |       NA    | Unspecified | NA         |
| Vccadc    |       1.800 |     0.020 |       0.000 |      0.020 |       NA    | Unspecified | NA         |
+-----------+-------------+-----------+-------------+------------+-------------+-------------+------------+


1.3 Confidence Level
--------------------

+-----------------------------+------------+-------------------------------------------------------+------------------------------------------------------------------------------------------------------------+
| User Input Data             | Confidence | Details                                               | Action                                                                                                     |
+-----------------------------+------------+-------------------------------------------------------+------------------------------------------------------------------------------------------------------------+
| Design implementation state | High       | Design is routed                                      |                                                                                                            |
| Clock nodes activity        | High       | User specified more than 95% of clocks                |                                                                                                            |
| I/O nodes activity          | Medium     | More than 5% of inputs are missing user specification | Provide missing input activity with simulation results or by editing the "By Resource Type -> I/Os" view   |
| Internal nodes activity     | Medium     | User specified less than 25% of internal nodes        | Provide missing internal nodes activity with simulation results or by editing the "By Resource Type" views |
| Device models               | High       | Device models are Production                          |                                                                                                            |
|                             |            |                                                       |                                                                                                            |
| Overall confidence level    | Medium     |                                                       |                                                                                                            |
+-----------------------------+------------+-------------------------------------------------------+------------------------------------------------------------------------------------------------------------+


2. Settings
-----------

2.1 Environment
---------------

+-----------------------+--------------------------+
| Ambient Temp (C)      | 25.0                     |
| ThetaJA (C/W)         | 4.6                      |
| Airflow (LFM)         | 250                      |
| Heat Sink             | medium (Medium Profile)  |
| ThetaSA (C/W)         | 4.6                      |
| Board Selection       | medium (10"x10")         |
| # of Board Layers     | 12to15 (12 to 15 Layers) |
| Board Temperature (C) | 25.0                     |
+-----------------------+--------------------------+


2.2 Clock Constraints
---------------------

+-------------------------------+-----------------------------------------------------+-----------------+
| Clock                         | Domain                                              | Constraint (ns) |
+-------------------------------+-----------------------------------------------------+-----------------+
| clk_out1_design_1_clk_wiz_1   | design_1_i/clk_wiz/inst/clk_out1_design_1_clk_wiz_1 |            10.0 |
| clk_out1_design_1_clk_wiz_1_1 | design_1_i/clk_wiz/inst/clk_out1_design_1_clk_wiz_1 |            10.0 |
| clkfbout_design_1_clk_wiz_1   | design_1_i/clk_wiz/inst/clkfbout_design_1_clk_wiz_1 |            10.0 |
| clkfbout_design_1_clk_wiz_1_1 | design_1_i/clk_wiz/inst/clkfbout_design_1_clk_wiz_1 |            10.0 |
| eth_mii_rx_clk                | eth_mii_rx_clk                                      |            40.0 |
| eth_mii_tx_clk                | eth_mii_tx_clk                                      |            40.0 |
| eth_rx_clk                    | eth_mii_rx_clk                                      |            40.0 |
| eth_tx_clk                    | eth_mii_tx_clk                                      |            40.0 |
| sys_clk_pin                   | sys_clock                                           |            10.0 |
| sys_clock                     | sys_clock                                           |            10.0 |
+-------------------------------+-----------------------------------------------------+-----------------+


3. Detailed Reports
-------------------

3.1 By Hierarchy
----------------

+------------------------+-----------+
| Name                   | Power (W) |
+------------------------+-----------+
| design_1_wrapper       |     0.117 |
|   design_1_i           |     0.117 |
|     axi_ethernetlite_0 |     0.009 |
|       U0               |     0.009 |
|     clk_wiz            |     0.106 |
|       inst             |     0.106 |
|     eth_tx_master_0    |     0.002 |
|       inst             |     0.002 |
+------------------------+-----------+


