
*** Running vivado
    with args -log design_1_wrapper.vds -m64 -product Vivado -mode batch -messageDb vivado.pb -notrace -source design_1_wrapper.tcl


****** Vivado v2025.1 (64-bit)
  **** SW Build 6140274 on Wed May 21 22:58:25 MDT 2025
  **** IP Build 6138677 on Thu May 22 03:10:11 MDT 2025
  **** SharedData Build 6139179 on Tue May 20 17:58:58 MDT 2025
  **** Start of session at: Mon Apr  6 15:24:56 2026
    ** Copyright 1986-2022 Xilinx, Inc. All Rights Reserved.
    ** Copyright 2022-2025 Advanced Micro Devices, Inc. All Rights Reserved.

source design_1_wrapper.tcl -notrace
INFO: [IP_Flow 19-234] Refreshing IP repositories
INFO: [IP_Flow 19-1704] No user IP repositories specified
INFO: [IP_Flow 19-2313] Loaded Vivado IP repository '/tools/xilinx/2025.1/Vivado/data/ip'.
INFO: [Project 1-5698] Found the below utility IPs instantiated in block design /home/ryadav/work_amd/Ethernet_Arty/Vivado/Vivado.srcs/sources_1/bd/design_1/design_1.bd which have equivalent inline hdl with improved performance and reduced diskspace.
It is recommended to migrate these utility IPs to inline hdl  using the command upgrade_project -migrate_to_inline_hdl.  The utility IPs may be deprecated in future releases.
More information on inline hdl is available in UG994.
Utility IP Component Instances:
 design_1_reset_inv_0_2
Command: read_checkpoint -auto_incremental -incremental /home/ryadav/work_amd/Ethernet_Arty/Vivado/Vivado.srcs/utils_1/imports/synth_1/design_1_wrapper.dcp
INFO: [Vivado 12-5825] Read reference checkpoint from /home/ryadav/work_amd/Ethernet_Arty/Vivado/Vivado.srcs/utils_1/imports/synth_1/design_1_wrapper.dcp for incremental synthesis
INFO: [Vivado 12-7989] Please ensure there are no constraint changes
Command: synth_design -top design_1_wrapper -part xc7a100tcsg324-1
Starting synth_design
Attempting to get a license for feature 'Synthesis' and/or device 'xc7a100t'
INFO: [Common 17-349] Got license for feature 'Synthesis' and/or device 'xc7a100t'
INFO: [Device 21-403] Loading part xc7a100tcsg324-1
INFO: [Designutils 20-5440] No compile time benefit to using incremental synthesis; A full resynthesis will be run
INFO: [Designutils 20-4379] Flow is switching to default flow due to incremental criteria not met. If you would like to alter this behaviour and have the flow terminate instead, please set the following parameter config_implementation {autoIncr.Synth.RejectBehavior Terminate}
INFO: [Synth 8-7079] Multithreading enabled for synth_design using a maximum of 7 processes.
INFO: [Synth 8-7078] Launching helper process for spawning children vivado processes
INFO: [Synth 8-7075] Helper process launched with PID 913704
---------------------------------------------------------------------------------
Starting RTL Elaboration : Time (s): cpu = 00:00:02 ; elapsed = 00:00:02 . Memory (MB): peak = 2419.902 ; gain = 440.711 ; free physical = 14249 ; free virtual = 56026
---------------------------------------------------------------------------------
INFO: [Synth 8-6157] synthesizing module 'design_1_wrapper' [/home/ryadav/work_amd/Ethernet_Arty/Vivado/Vivado.gen/sources_1/bd/design_1/hdl/design_1_wrapper.v:13]
INFO: [Synth 8-6157] synthesizing module 'design_1' [/home/ryadav/work_amd/Ethernet_Arty/Vivado/Vivado.gen/sources_1/bd/design_1/synth/design_1.v:13]
INFO: [Synth 8-6157] synthesizing module 'design_1_axi_ethernetlite_0_0' [/home/ryadav/work_amd/Ethernet_Arty/Vivado/Vivado.runs/synth_1/.Xil/Vivado-913231-aryabhatta.mumbaisemi/realtime/design_1_axi_ethernetlite_0_0_stub.v:6]
INFO: [Synth 8-6155] done synthesizing module 'design_1_axi_ethernetlite_0_0' (0#1) [/home/ryadav/work_amd/Ethernet_Arty/Vivado/Vivado.runs/synth_1/.Xil/Vivado-913231-aryabhatta.mumbaisemi/realtime/design_1_axi_ethernetlite_0_0_stub.v:6]
WARNING: [Synth 8-7071] port 'ip2intc_irpt' of module 'design_1_axi_ethernetlite_0_0' is unconnected for instance 'axi_ethernetlite_0' [/home/ryadav/work_amd/Ethernet_Arty/Vivado/Vivado.gen/sources_1/bd/design_1/synth/design_1.v:86]
WARNING: [Synth 8-7023] instance 'axi_ethernetlite_0' of module 'design_1_axi_ethernetlite_0_0' has 34 connections declared, but only 33 given [/home/ryadav/work_amd/Ethernet_Arty/Vivado/Vivado.gen/sources_1/bd/design_1/synth/design_1.v:86]
INFO: [Synth 8-6157] synthesizing module 'design_1_clk_wiz_1' [/home/ryadav/work_amd/Ethernet_Arty/Vivado/Vivado.runs/synth_1/.Xil/Vivado-913231-aryabhatta.mumbaisemi/realtime/design_1_clk_wiz_1_stub.v:6]
INFO: [Synth 8-6155] done synthesizing module 'design_1_clk_wiz_1' (0#1) [/home/ryadav/work_amd/Ethernet_Arty/Vivado/Vivado.runs/synth_1/.Xil/Vivado-913231-aryabhatta.mumbaisemi/realtime/design_1_clk_wiz_1_stub.v:6]
WARNING: [Synth 8-7071] port 'locked' of module 'design_1_clk_wiz_1' is unconnected for instance 'clk_wiz' [/home/ryadav/work_amd/Ethernet_Arty/Vivado/Vivado.gen/sources_1/bd/design_1/synth/design_1.v:120]
WARNING: [Synth 8-7023] instance 'clk_wiz' of module 'design_1_clk_wiz_1' has 4 connections declared, but only 3 given [/home/ryadav/work_amd/Ethernet_Arty/Vivado/Vivado.gen/sources_1/bd/design_1/synth/design_1.v:120]
INFO: [Synth 8-6157] synthesizing module 'design_1_counter_0_0' [/home/ryadav/work_amd/Ethernet_Arty/Vivado/Vivado.runs/synth_1/.Xil/Vivado-913231-aryabhatta.mumbaisemi/realtime/design_1_counter_0_0_stub.v:6]
INFO: [Synth 8-6155] done synthesizing module 'design_1_counter_0_0' (0#1) [/home/ryadav/work_amd/Ethernet_Arty/Vivado/Vivado.runs/synth_1/.Xil/Vivado-913231-aryabhatta.mumbaisemi/realtime/design_1_counter_0_0_stub.v:6]
INFO: [Synth 8-6157] synthesizing module 'design_1_eth_tx_master_0_0' [/home/ryadav/work_amd/Ethernet_Arty/Vivado/Vivado.runs/synth_1/.Xil/Vivado-913231-aryabhatta.mumbaisemi/realtime/design_1_eth_tx_master_0_0_stub.v:6]
INFO: [Synth 8-6155] done synthesizing module 'design_1_eth_tx_master_0_0' (0#1) [/home/ryadav/work_amd/Ethernet_Arty/Vivado/Vivado.runs/synth_1/.Xil/Vivado-913231-aryabhatta.mumbaisemi/realtime/design_1_eth_tx_master_0_0_stub.v:6]
INFO: [Synth 8-6157] synthesizing module 'design_1_reset_inv_0_2' [/home/ryadav/work_amd/Ethernet_Arty/Vivado/Vivado.runs/synth_1/.Xil/Vivado-913231-aryabhatta.mumbaisemi/realtime/design_1_reset_inv_0_2_stub.v:6]
INFO: [Synth 8-6155] done synthesizing module 'design_1_reset_inv_0_2' (0#1) [/home/ryadav/work_amd/Ethernet_Arty/Vivado/Vivado.runs/synth_1/.Xil/Vivado-913231-aryabhatta.mumbaisemi/realtime/design_1_reset_inv_0_2_stub.v:6]
INFO: [Synth 8-6157] synthesizing module 'design_1_rst_clk_wiz_100M_0' [/home/ryadav/work_amd/Ethernet_Arty/Vivado/Vivado.runs/synth_1/.Xil/Vivado-913231-aryabhatta.mumbaisemi/realtime/design_1_rst_clk_wiz_100M_0_stub.v:6]
INFO: [Synth 8-6155] done synthesizing module 'design_1_rst_clk_wiz_100M_0' (0#1) [/home/ryadav/work_amd/Ethernet_Arty/Vivado/Vivado.runs/synth_1/.Xil/Vivado-913231-aryabhatta.mumbaisemi/realtime/design_1_rst_clk_wiz_100M_0_stub.v:6]
WARNING: [Synth 8-7071] port 'mb_reset' of module 'design_1_rst_clk_wiz_100M_0' is unconnected for instance 'rst_clk_wiz_100M' [/home/ryadav/work_amd/Ethernet_Arty/Vivado/Vivado.gen/sources_1/bd/design_1/synth/design_1.v:152]
WARNING: [Synth 8-7071] port 'bus_struct_reset' of module 'design_1_rst_clk_wiz_100M_0' is unconnected for instance 'rst_clk_wiz_100M' [/home/ryadav/work_amd/Ethernet_Arty/Vivado/Vivado.gen/sources_1/bd/design_1/synth/design_1.v:152]
WARNING: [Synth 8-7071] port 'peripheral_reset' of module 'design_1_rst_clk_wiz_100M_0' is unconnected for instance 'rst_clk_wiz_100M' [/home/ryadav/work_amd/Ethernet_Arty/Vivado/Vivado.gen/sources_1/bd/design_1/synth/design_1.v:152]
WARNING: [Synth 8-7071] port 'interconnect_aresetn' of module 'design_1_rst_clk_wiz_100M_0' is unconnected for instance 'rst_clk_wiz_100M' [/home/ryadav/work_amd/Ethernet_Arty/Vivado/Vivado.gen/sources_1/bd/design_1/synth/design_1.v:152]
WARNING: [Synth 8-7023] instance 'rst_clk_wiz_100M' of module 'design_1_rst_clk_wiz_100M_0' has 10 connections declared, but only 6 given [/home/ryadav/work_amd/Ethernet_Arty/Vivado/Vivado.gen/sources_1/bd/design_1/synth/design_1.v:152]
INFO: [Synth 8-6155] done synthesizing module 'design_1' (0#1) [/home/ryadav/work_amd/Ethernet_Arty/Vivado/Vivado.gen/sources_1/bd/design_1/synth/design_1.v:13]
INFO: [Synth 8-6157] synthesizing module 'IOBUF' [/tools/xilinx/2025.1/Vivado/scripts/rt/data/unisim_comp.v:81434]
INFO: [Synth 8-6155] done synthesizing module 'IOBUF' (0#1) [/tools/xilinx/2025.1/Vivado/scripts/rt/data/unisim_comp.v:81434]
INFO: [Synth 8-6155] done synthesizing module 'design_1_wrapper' (0#1) [/home/ryadav/work_amd/Ethernet_Arty/Vivado/Vivado.gen/sources_1/bd/design_1/hdl/design_1_wrapper.v:13]
---------------------------------------------------------------------------------
Finished RTL Elaboration : Time (s): cpu = 00:00:02 ; elapsed = 00:00:03 . Memory (MB): peak = 2497.871 ; gain = 518.680 ; free physical = 14153 ; free virtual = 55932
---------------------------------------------------------------------------------
---------------------------------------------------------------------------------
Start Handling Custom Attributes
---------------------------------------------------------------------------------
---------------------------------------------------------------------------------
Finished Handling Custom Attributes : Time (s): cpu = 00:00:02 ; elapsed = 00:00:03 . Memory (MB): peak = 2512.715 ; gain = 533.523 ; free physical = 14143 ; free virtual = 55922
---------------------------------------------------------------------------------
---------------------------------------------------------------------------------
Finished RTL Optimization Phase 1 : Time (s): cpu = 00:00:02 ; elapsed = 00:00:03 . Memory (MB): peak = 2512.715 ; gain = 533.523 ; free physical = 14143 ; free virtual = 55922
---------------------------------------------------------------------------------
Netlist sorting complete. Time (s): cpu = 00:00:00 ; elapsed = 00:00:00 . Memory (MB): peak = 2518.652 ; gain = 0.000 ; free physical = 14134 ; free virtual = 55912
INFO: [Netlist 29-17] Analyzing 1 Unisim elements for replacement
INFO: [Netlist 29-28] Unisim Transformation completed in 0 CPU seconds
INFO: [Project 1-570] Preparing netlist for logic optimization

Processing XDC Constraints
Initializing timing engine
Parsing XDC File [/home/ryadav/work_amd/Ethernet_Arty/Vivado/Vivado.gen/sources_1/bd/design_1/ip/design_1_axi_ethernetlite_0_0/design_1_axi_ethernetlite_0_0/design_1_axi_ethernetlite_0_0_in_context.xdc] for cell 'design_1_i/axi_ethernetlite_0'
Finished Parsing XDC File [/home/ryadav/work_amd/Ethernet_Arty/Vivado/Vivado.gen/sources_1/bd/design_1/ip/design_1_axi_ethernetlite_0_0/design_1_axi_ethernetlite_0_0/design_1_axi_ethernetlite_0_0_in_context.xdc] for cell 'design_1_i/axi_ethernetlite_0'
Parsing XDC File [/home/ryadav/work_amd/Ethernet_Arty/Vivado/Vivado.gen/sources_1/bd/design_1/ip/design_1_eth_tx_master_0_0/design_1_eth_tx_master_0_0/design_1_eth_tx_master_0_0_in_context.xdc] for cell 'design_1_i/eth_tx_master_0'
Finished Parsing XDC File [/home/ryadav/work_amd/Ethernet_Arty/Vivado/Vivado.gen/sources_1/bd/design_1/ip/design_1_eth_tx_master_0_0/design_1_eth_tx_master_0_0/design_1_eth_tx_master_0_0_in_context.xdc] for cell 'design_1_i/eth_tx_master_0'
Parsing XDC File [/home/ryadav/work_amd/Ethernet_Arty/Vivado/Vivado.gen/sources_1/bd/design_1/ip/design_1_rst_clk_wiz_100M_0/design_1_rst_clk_wiz_100M_0/design_1_rst_clk_wiz_100M_0_in_context.xdc] for cell 'design_1_i/rst_clk_wiz_100M'
Finished Parsing XDC File [/home/ryadav/work_amd/Ethernet_Arty/Vivado/Vivado.gen/sources_1/bd/design_1/ip/design_1_rst_clk_wiz_100M_0/design_1_rst_clk_wiz_100M_0/design_1_rst_clk_wiz_100M_0_in_context.xdc] for cell 'design_1_i/rst_clk_wiz_100M'
Parsing XDC File [/home/ryadav/work_amd/Ethernet_Arty/Vivado/Vivado.gen/sources_1/bd/design_1/ip/design_1_counter_0_0/design_1_counter_0_0/design_1_counter_0_0_in_context.xdc] for cell 'design_1_i/counter_0'
Finished Parsing XDC File [/home/ryadav/work_amd/Ethernet_Arty/Vivado/Vivado.gen/sources_1/bd/design_1/ip/design_1_counter_0_0/design_1_counter_0_0/design_1_counter_0_0_in_context.xdc] for cell 'design_1_i/counter_0'
Parsing XDC File [/home/ryadav/work_amd/Ethernet_Arty/Vivado/Vivado.gen/sources_1/bd/design_1/ip/design_1_clk_wiz_1/design_1_clk_wiz_1/design_1_clk_wiz_1_in_context.xdc] for cell 'design_1_i/clk_wiz'
Finished Parsing XDC File [/home/ryadav/work_amd/Ethernet_Arty/Vivado/Vivado.gen/sources_1/bd/design_1/ip/design_1_clk_wiz_1/design_1_clk_wiz_1/design_1_clk_wiz_1_in_context.xdc] for cell 'design_1_i/clk_wiz'
Parsing XDC File [/home/ryadav/work_amd/Ethernet_Arty/Vivado/Vivado.gen/sources_1/bd/design_1/ip/design_1_reset_inv_0_2/design_1_reset_inv_0_2/design_1_reset_inv_0_0_in_context.xdc] for cell 'design_1_i/reset_inv_0'
Finished Parsing XDC File [/home/ryadav/work_amd/Ethernet_Arty/Vivado/Vivado.gen/sources_1/bd/design_1/ip/design_1_reset_inv_0_2/design_1_reset_inv_0_2/design_1_reset_inv_0_0_in_context.xdc] for cell 'design_1_i/reset_inv_0'
Parsing XDC File [/home/ryadav/work_amd/Ethernet_Arty/Vivado/Vivado.srcs/constrs_1/new/ethernet_lite.xdc]
Finished Parsing XDC File [/home/ryadav/work_amd/Ethernet_Arty/Vivado/Vivado.srcs/constrs_1/new/ethernet_lite.xdc]
INFO: [Project 1-236] Implementation specific constraints were found while reading constraint file [/home/ryadav/work_amd/Ethernet_Arty/Vivado/Vivado.srcs/constrs_1/new/ethernet_lite.xdc]. These constraints will be ignored for synthesis but will be used in implementation. Impacted constraints are listed in the file [.Xil/design_1_wrapper_propImpl.xdc].
Resolution: To avoid this warning, move constraints listed in [.Xil/design_1_wrapper_propImpl.xdc] to another XDC file and exclude this new file from synthesis with the used_in_synthesis property (File Properties dialog in GUI) and re-run elaboration/synthesis.
Parsing XDC File [/home/ryadav/work_amd/Ethernet_Arty/Vivado/Vivado.runs/synth_1/dont_touch.xdc]
Finished Parsing XDC File [/home/ryadav/work_amd/Ethernet_Arty/Vivado/Vivado.runs/synth_1/dont_touch.xdc]
Completed Processing XDC Constraints

Netlist sorting complete. Time (s): cpu = 00:00:00 ; elapsed = 00:00:00 . Memory (MB): peak = 2565.609 ; gain = 0.000 ; free physical = 14128 ; free virtual = 55906
INFO: [Project 1-111] Unisim Transformation Summary:
  A total of 1 instances were transformed.
  IOBUF => IOBUF (IBUF, OBUFT): 1 instance 

Constraint Validation Runtime : Time (s): cpu = 00:00:00 ; elapsed = 00:00:00 . Memory (MB): peak = 2565.645 ; gain = 0.000 ; free physical = 14128 ; free virtual = 55906
INFO: [Designutils 20-5440] No compile time benefit to using incremental synthesis; A full resynthesis will be run
INFO: [Designutils 20-4379] Flow is switching to default flow due to incremental criteria not met. If you would like to alter this behaviour and have the flow terminate instead, please set the following parameter config_implementation {autoIncr.Synth.RejectBehavior Terminate}
---------------------------------------------------------------------------------
Finished Constraint Validation : Time (s): cpu = 00:00:05 ; elapsed = 00:00:05 . Memory (MB): peak = 2565.645 ; gain = 586.453 ; free physical = 14126 ; free virtual = 55904
---------------------------------------------------------------------------------
---------------------------------------------------------------------------------
Start Loading Part and Timing Information
---------------------------------------------------------------------------------
Loading part: xc7a100tcsg324-1
---------------------------------------------------------------------------------
Finished Loading Part and Timing Information : Time (s): cpu = 00:00:05 ; elapsed = 00:00:05 . Memory (MB): peak = 2573.613 ; gain = 594.422 ; free physical = 14126 ; free virtual = 55904
---------------------------------------------------------------------------------
---------------------------------------------------------------------------------
Start Applying 'set_property' XDC Constraints
---------------------------------------------------------------------------------
---------------------------------------------------------------------------------
Finished applying 'set_property' XDC Constraints : Time (s): cpu = 00:00:05 ; elapsed = 00:00:05 . Memory (MB): peak = 2573.613 ; gain = 594.422 ; free physical = 14126 ; free virtual = 55904
---------------------------------------------------------------------------------
---------------------------------------------------------------------------------
Finished RTL Optimization Phase 2 : Time (s): cpu = 00:00:05 ; elapsed = 00:00:06 . Memory (MB): peak = 2573.613 ; gain = 594.422 ; free physical = 14125 ; free virtual = 55904
---------------------------------------------------------------------------------
---------------------------------------------------------------------------------
Start RTL Component Statistics 
---------------------------------------------------------------------------------
Detailed RTL Component Info : 
---------------------------------------------------------------------------------
Finished RTL Component Statistics 
---------------------------------------------------------------------------------
---------------------------------------------------------------------------------
Start Part Resource Summary
---------------------------------------------------------------------------------
Part Resources:
DSPs: 240 (col length:80)
BRAMs: 270 (col length: RAMB18 80 RAMB36 40)
---------------------------------------------------------------------------------
Finished Part Resource Summary
---------------------------------------------------------------------------------
---------------------------------------------------------------------------------
Start Cross Boundary and Area Optimization
---------------------------------------------------------------------------------
WARNING: [Synth 8-7080] Parallel synthesis criteria is not met
---------------------------------------------------------------------------------
Finished Cross Boundary and Area Optimization : Time (s): cpu = 00:00:06 ; elapsed = 00:00:06 . Memory (MB): peak = 2573.613 ; gain = 594.422 ; free physical = 14122 ; free virtual = 55905
---------------------------------------------------------------------------------
---------------------------------------------------------------------------------
Start Applying XDC Timing Constraints
---------------------------------------------------------------------------------
---------------------------------------------------------------------------------
Finished Applying XDC Timing Constraints : Time (s): cpu = 00:00:08 ; elapsed = 00:00:08 . Memory (MB): peak = 2659.613 ; gain = 680.422 ; free physical = 14050 ; free virtual = 55833
---------------------------------------------------------------------------------
---------------------------------------------------------------------------------
Start Timing Optimization
---------------------------------------------------------------------------------
---------------------------------------------------------------------------------
Finished Timing Optimization : Time (s): cpu = 00:00:08 ; elapsed = 00:00:08 . Memory (MB): peak = 2659.613 ; gain = 680.422 ; free physical = 14050 ; free virtual = 55833
---------------------------------------------------------------------------------
---------------------------------------------------------------------------------
Start Technology Mapping
---------------------------------------------------------------------------------
---------------------------------------------------------------------------------
Finished Technology Mapping : Time (s): cpu = 00:00:08 ; elapsed = 00:00:08 . Memory (MB): peak = 2668.629 ; gain = 689.438 ; free physical = 14042 ; free virtual = 55825
---------------------------------------------------------------------------------
---------------------------------------------------------------------------------
Start IO Insertion
---------------------------------------------------------------------------------
---------------------------------------------------------------------------------
Start Flattening Before IO Insertion
---------------------------------------------------------------------------------
---------------------------------------------------------------------------------
Finished Flattening Before IO Insertion
---------------------------------------------------------------------------------
---------------------------------------------------------------------------------
Start Final Netlist Cleanup
---------------------------------------------------------------------------------
---------------------------------------------------------------------------------
Finished Final Netlist Cleanup
---------------------------------------------------------------------------------
---------------------------------------------------------------------------------
Finished IO Insertion : Time (s): cpu = 00:00:09 ; elapsed = 00:00:10 . Memory (MB): peak = 2844.441 ; gain = 865.250 ; free physical = 13879 ; free virtual = 55662
---------------------------------------------------------------------------------
---------------------------------------------------------------------------------
Start Renaming Generated Instances
---------------------------------------------------------------------------------
---------------------------------------------------------------------------------
Finished Renaming Generated Instances : Time (s): cpu = 00:00:09 ; elapsed = 00:00:10 . Memory (MB): peak = 2844.441 ; gain = 865.250 ; free physical = 13879 ; free virtual = 55662
---------------------------------------------------------------------------------
---------------------------------------------------------------------------------
Start Rebuilding User Hierarchy
---------------------------------------------------------------------------------
---------------------------------------------------------------------------------
Finished Rebuilding User Hierarchy : Time (s): cpu = 00:00:09 ; elapsed = 00:00:10 . Memory (MB): peak = 2844.441 ; gain = 865.250 ; free physical = 13879 ; free virtual = 55662
---------------------------------------------------------------------------------
---------------------------------------------------------------------------------
Start Renaming Generated Ports
---------------------------------------------------------------------------------
---------------------------------------------------------------------------------
Finished Renaming Generated Ports : Time (s): cpu = 00:00:09 ; elapsed = 00:00:10 . Memory (MB): peak = 2844.441 ; gain = 865.250 ; free physical = 13879 ; free virtual = 55662
---------------------------------------------------------------------------------
---------------------------------------------------------------------------------
Start Handling Custom Attributes
---------------------------------------------------------------------------------
---------------------------------------------------------------------------------
Finished Handling Custom Attributes : Time (s): cpu = 00:00:09 ; elapsed = 00:00:10 . Memory (MB): peak = 2844.441 ; gain = 865.250 ; free physical = 13879 ; free virtual = 55662
---------------------------------------------------------------------------------
---------------------------------------------------------------------------------
Start Renaming Generated Nets
---------------------------------------------------------------------------------
---------------------------------------------------------------------------------
Finished Renaming Generated Nets : Time (s): cpu = 00:00:09 ; elapsed = 00:00:10 . Memory (MB): peak = 2844.441 ; gain = 865.250 ; free physical = 13879 ; free virtual = 55662
---------------------------------------------------------------------------------
---------------------------------------------------------------------------------
Start Writing Synthesis Report
---------------------------------------------------------------------------------

Report BlackBoxes: 
+------+------------------------------+----------+
|      |BlackBox name                 |Instances |
+------+------------------------------+----------+
|1     |design_1_axi_ethernetlite_0_0 |         1|
|2     |design_1_clk_wiz_1            |         1|
|3     |design_1_counter_0_0          |         1|
|4     |design_1_eth_tx_master_0_0    |         1|
|5     |design_1_reset_inv_0_2        |         1|
|6     |design_1_rst_clk_wiz_100M_0   |         1|
+------+------------------------------+----------+

Report Cell Usage: 
+------+----------------------------+------+
|      |Cell                        |Count |
+------+----------------------------+------+
|1     |design_1_axi_ethernetlite_0 |     1|
|2     |design_1_clk_wiz            |     1|
|3     |design_1_counter_0          |     1|
|4     |design_1_eth_tx_master_0    |     1|
|5     |design_1_reset_inv_0        |     1|
|6     |design_1_rst_clk_wiz_100M   |     1|
|7     |IBUF                        |     9|
|8     |IOBUF                       |     1|
|9     |OBUF                        |     7|
+------+----------------------------+------+
---------------------------------------------------------------------------------
Finished Writing Synthesis Report : Time (s): cpu = 00:00:09 ; elapsed = 00:00:10 . Memory (MB): peak = 2844.441 ; gain = 865.250 ; free physical = 13879 ; free virtual = 55662
---------------------------------------------------------------------------------
Synthesis finished with 0 errors, 0 critical warnings and 1 warnings.
Synthesis Optimization Runtime : Time (s): cpu = 00:00:08 ; elapsed = 00:00:09 . Memory (MB): peak = 2844.441 ; gain = 812.320 ; free physical = 13879 ; free virtual = 55662
Synthesis Optimization Complete : Time (s): cpu = 00:00:09 ; elapsed = 00:00:10 . Memory (MB): peak = 2844.449 ; gain = 865.250 ; free physical = 13879 ; free virtual = 55662
INFO: [Project 1-571] Translating synthesized netlist
Netlist sorting complete. Time (s): cpu = 00:00:00 ; elapsed = 00:00:00 . Memory (MB): peak = 2844.449 ; gain = 0.000 ; free physical = 13879 ; free virtual = 55662
INFO: [Netlist 29-17] Analyzing 1 Unisim elements for replacement
INFO: [Netlist 29-28] Unisim Transformation completed in 0 CPU seconds
INFO: [Project 1-570] Preparing netlist for logic optimization
INFO: [Opt 31-138] Pushed 0 inverter(s) to 0 load pin(s).
Netlist sorting complete. Time (s): cpu = 00:00:00 ; elapsed = 00:00:00 . Memory (MB): peak = 2844.449 ; gain = 0.000 ; free physical = 14045 ; free virtual = 55828
INFO: [Project 1-111] Unisim Transformation Summary:
  A total of 1 instances were transformed.
  IOBUF => IOBUF (IBUF, OBUFT): 1 instance 

Synth Design complete | Checksum: 9391b7ea
INFO: [Common 17-83] Releasing license: Synthesis
45 Infos, 10 Warnings, 0 Critical Warnings and 0 Errors encountered.
synth_design completed successfully
synth_design: Time (s): cpu = 00:00:15 ; elapsed = 00:00:14 . Memory (MB): peak = 2844.477 ; gain = 1031.277 ; free physical = 14044 ; free virtual = 55828
INFO: [Common 17-2834] synth_design peak Physical Memory [PSS] (MB): overall = 1796.274; main = 1796.274; forked = 0.000
INFO: [Common 17-2834] synth_design peak Virtual Memory [VSS] (MB): overall = 2844.445; main = 2844.445; forked = 0.000
Write ShapeDB Complete: Time (s): cpu = 00:00:00 ; elapsed = 00:00:00 . Memory (MB): peak = 2868.453 ; gain = 0.000 ; free physical = 14044 ; free virtual = 55827
INFO: [Common 17-1381] The checkpoint '/home/ryadav/work_amd/Ethernet_Arty/Vivado/Vivado.runs/synth_1/design_1_wrapper.dcp' has been generated.
INFO: [Vivado 12-24828] Executing command : report_utilization -file design_1_wrapper_utilization_synth.rpt -pb design_1_wrapper_utilization_synth.pb
INFO: [Common 17-206] Exiting Vivado at Mon Apr  6 15:25:14 2026...
